# JRE version: OpenJDK Runtime Environment Homebrew (25.0.2) (build 25.0.2)
# Java VM: OpenJDK 64-Bit Server VM Homebrew (25.0.2, mixed mode, sharing, tiered, compressed oops, compressed class ptrs, parallel gc, bsd-aarch64)
GC Precious Log:
 CardTable entry size: 512
 CPUs: 8 total, 8 available
 Memory: 8192M
 Large Page Support: Disabled
 NUMA Support: Disabled
 Compressed Oops: Enabled (Zero based)
 Alignments: Space 512K, Generation 512K, Heap 8M
 Heap Min Capacity: 104M
 Heap Initial Capacity: 104M
 Heap Max Capacity: 2G
 Pre-touch: Disabled
 Parallel Workers: 8
Heap:
 PSYoungGen      total 34816K, used 28661K [0x00000007d5580000, 0x00000007d7900000, 0x0000000800000000)
  eden space 33280K, 82% used [0x00000007d5580000,0x00000007d706d6a8,0x00000007d7600000)
  from space 1536K, 70% used [0x00000007d7680000,0x00000007d7790000,0x00000007d7800000)
  to   space 1024K, 0% used [0x00000007d7800000,0x00000007d7800000,0x00000007d7900000)
 ParOldGen       total 1020416K, used 1020103K [0x0000000780000000, 0x00000007be480000, 0x00000007d5580000)
  object space 1020416K, 99% used [0x0000000780000000,0x00000007be431d48,0x00000007be480000)
GC Heap Usage History (20 events):
Event: 35116.716 {heap Before GC invocations=2462 (full 7):
 PSYoungGen      total 32768K, used 32754K [0x00000007d5580000, 0x00000007d7f80000, 0x0000000800000000)
  eden space 30720K, 100% used [0x00000007d5580000,0x00000007d7380000,0x00000007d7380000)
  from space 2048K, 99% used [0x00000007d7400000,0x00000007d75fc940,0x00000007d7600000)
  to   space 6144K, 0% used [0x00000007d7980000,0x00000007d7980000,0x00000007d7f80000)
 ParOldGen       total 1012736K, used 1012714K [0x0000000780000000, 0x00000007bdd00000, 0x00000007dEvent: 35116.719 {heap After GC invocations=2462 (full 7):
 PSYoungGen      total 31744K, used 1088K [0x00000007d5580000, 0x00000007d7b00000, 0x0000000800000000)
  eden space 30208K, 0% used [0x00000007d5580000,0x00000007d5580000,0x00000007d7300000)
  from space 1536K, 70% used [0x00000007d7980000,0x00000007d7a90040,0x00000007d7b00000)
  to   space 3072K, 0% used [0x00000007d7500000,0x00000007d7500000,0x00000007d7800000)
 ParOldGen       total 1014784K, used 1014312K [0x0000000780000000, 0x00000007bdf00000, 0x00000007d5580Event: 35116.850 {heap Before GC invocations=2463 (full 7):
 PSYoungGen      total 31744K, used 31296K [0x00000007d5580000, 0x00000007d7b00000, 0x0000000800000000)
  eden space 30208K, 100% used [0x00000007d5580000,0x00000007d7300000,0x00000007d7300000)
  from space 1536K, 70% used [0x00000007d7980000,0x00000007d7a90040,0x00000007d7b00000)
  to   space 3072K, 0% used [0x00000007d7500000,0x00000007d7500000,0x00000007d7800000)
 ParOldGen       total 1014784K, used 1014312K [0x0000000780000000, 0x00000007bdf00000, 0x00000007dEvent: 35116.851 {heap After GC invocations=2463 (full 7):
 PSYoungGen      total 35328K, used 192K [0x00000007d5580000, 0x00000007d7a00000, 0x0000000800000000)
  eden space 32256K, 0% used [0x00000007d5580000,0x00000007d5580000,0x00000007d7500000)
  from space 3072K, 6% used [0x00000007d7500000,0x00000007d7530000,0x00000007d7800000)
  to   space 1024K, 0% used [0x00000007d7900000,0x00000007d7900000,0x00000007d7a00000)
 ParOldGen       total 1014784K, used 1014336K [0x0000000780000000, 0x00000007bdf00000, 0x00000007d558000Event: 35117.240 {heap Before GC invocations=2464 (full 7):
 PSYoungGen      total 35328K, used 32448K [0x00000007d5580000, 0x00000007d7a00000, 0x0000000800000000)
  eden space 32256K, 100% used [0x00000007d5580000,0x00000007d7500000,0x00000007d7500000)
  from space 3072K, 6% used [0x00000007d7500000,0x00000007d7530000,0x00000007d7800000)
  to   space 1024K, 0% used [0x00000007d7900000,0x00000007d7900000,0x00000007d7a00000)
 ParOldGen       total 1014784K, used 1014336K [0x0000000780000000, 0x00000007bdf00000, 0x00000007d5Event: 35117.242 {heap After GC invocations=2464 (full 7):
 PSYoungGen      total 35328K, used 992K [0x00000007d5580000, 0x00000007d7a00000, 0x0000000800000000)
  eden space 34304K, 0% used [0x00000007d5580000,0x00000007d5580000,0x00000007d7700000)
  from space 1024K, 96% used [0x00000007d7900000,0x00000007d79f8020,0x00000007d7a00000)
  to   space 1536K, 0% used [0x00000007d7700000,0x00000007d7700000,0x00000007d7880000)
 ParOldGen       total 1014784K, used 1014418K [0x0000000780000000, 0x00000007bdf00000, 0x00000007d55800Event: 35118.419 {heap Before GC invocations=2465 (full 7):
 PSYoungGen      total 35328K, used 35296K [0x00000007d5580000, 0x00000007d7a00000, 0x0000000800000000)
  eden space 34304K, 100% used [0x00000007d5580000,0x00000007d7700000,0x00000007d7700000)
  from space 1024K, 96% used [0x00000007d7900000,0x00000007d79f8020,0x00000007d7a00000)
  to   space 1536K, 0% used [0x00000007d7700000,0x00000007d7700000,0x00000007d7880000)
 ParOldGen       total 1014784K, used 1014418K [0x0000000780000000, 0x00000007bdf00000, 0x00000007dEvent: 35118.424 {heap After GC invocations=2465 (full 7):
 PSYoungGen      total 35328K, used 1520K [0x00000007d5580000, 0x00000007d7d80000, 0x0000000800000000)
  eden space 33792K, 0% used [0x00000007d5580000,0x00000007d5580000,0x00000007d7680000)
  from space 1536K, 98% used [0x00000007d7700000,0x00000007d787c030,0x00000007d7880000)
  to   space 3584K, 0% used [0x00000007d7a00000,0x00000007d7a00000,0x00000007d7d80000)
 ParOldGen       total 1016320K, used 1015844K [0x0000000780000000, 0x00000007be080000, 0x00000007d5580Event: 35119.877 {heap Before GC invocations=2466 (full 7):
 PSYoungGen      total 35328K, used 35312K [0x00000007d5580000, 0x00000007d7d80000, 0x0000000800000000)
  eden space 33792K, 100% used [0x00000007d5580000,0x00000007d7680000,0x00000007d7680000)
  from space 1536K, 98% used [0x00000007d7700000,0x00000007d787c030,0x00000007d7880000)
  to   space 3584K, 0% used [0x00000007d7a00000,0x00000007d7a00000,0x00000007d7d80000)
 ParOldGen       total 1016320K, used 1015844K [0x0000000780000000, 0x00000007be080000, 0x00000007dEvent: 35119.880 {heap After GC invocations=2466 (full 7):
 PSYoungGen      total 34304K, used 1008K [0x00000007d5580000, 0x00000007d7b00000, 0x0000000800000000)
  eden space 33280K, 0% used [0x00000007d5580000,0x00000007d5580000,0x00000007d7600000)
  from space 1024K, 98% used [0x00000007d7a00000,0x00000007d7afc030,0x00000007d7b00000)
  to   space 2048K, 0% used [0x00000007d7700000,0x00000007d7700000,0x00000007d7900000)
 ParOldGen       total 1017344K, used 1017339K [0x0000000780000000, 0x00000007be180000, 0x00000007d5580Event: 35121.038 {heap Before GC invocations=2467 (full 7):
 PSYoungGen      total 34304K, used 34288K [0x00000007d5580000, 0x00000007d7b00000, 0x0000000800000000)
  eden space 33280K, 100% used [0x00000007d5580000,0x00000007d7600000,0x00000007d7600000)
  from space 1024K, 98% used [0x00000007d7a00000,0x00000007d7afc030,0x00000007d7b00000)
  to   space 2048K, 0% used [0x00000007d7700000,0x00000007d7700000,0x00000007d7900000)
 ParOldGen       total 1017344K, used 1017339K [0x0000000780000000, 0x00000007be180000, 0x00000007dEvent: 35121.042 {heap After GC invocations=2467 (full 7):
 PSYoungGen      total 34816K, used 1424K [0x00000007d5580000, 0x00000007d7a80000, 0x0000000800000000)
  eden space 32768K, 0% used [0x00000007d5580000,0x00000007d5580000,0x00000007d7580000)
  from space 2048K, 69% used [0x00000007d7700000,0x00000007d7864030,0x00000007d7900000)
  to   space 1536K, 0% used [0x00000007d7900000,0x00000007d7900000,0x00000007d7a80000)
 ParOldGen       total 1018368K, used 1018051K [0x0000000780000000, 0x00000007be280000, 0x00000007d5580Event: 35121.969 {heap Before GC invocations=2468 (full 7):
 PSYoungGen      total 34816K, used 34192K [0x00000007d5580000, 0x00000007d7a80000, 0x0000000800000000)
  eden space 32768K, 100% used [0x00000007d5580000,0x00000007d7580000,0x00000007d7580000)
  from space 2048K, 69% used [0x00000007d7700000,0x00000007d7864030,0x00000007d7900000)
  to   space 1536K, 0% used [0x00000007d7900000,0x00000007d7900000,0x00000007d7a80000)
 ParOldGen       total 1018368K, used 1018051K [0x0000000780000000, 0x00000007be280000, 0x00000007dEvent: 35121.972 {heap After GC invocations=2468 (full 7):
 PSYoungGen      total 36352K, used 1056K [0x00000007d5580000, 0x00000007d7a80000, 0x0000000800000000)
  eden space 34816K, 0% used [0x00000007d5580000,0x00000007d5580000,0x00000007d7780000)
  from space 1536K, 68% used [0x00000007d7900000,0x00000007d7a08020,0x00000007d7a80000)
  to   space 1536K, 0% used [0x00000007d7780000,0x00000007d7780000,0x00000007d7900000)
 ParOldGen       total 1018368K, used 1018067K [0x0000000780000000, 0x00000007be280000, 0x00000007d5580Event: 35138.612 {heap Before GC invocations=2469 (full 7):
 PSYoungGen      total 36352K, used 35872K [0x00000007d5580000, 0x00000007d7a80000, 0x0000000800000000)
  eden space 34816K, 100% used [0x00000007d5580000,0x00000007d7780000,0x00000007d7780000)
  from space 1536K, 68% used [0x00000007d7900000,0x00000007d7a08020,0x00000007d7a80000)
  to   space 1536K, 0% used [0x00000007d7780000,0x00000007d7780000,0x00000007d7900000)
 ParOldGen       total 1018368K, used 1018067K [0x0000000780000000, 0x00000007be280000, 0x00000007dEvent: 35138.646 {heap After GC invocations=2469 (full 7):
 PSYoungGen      total 34816K, used 256K [0x00000007d5580000, 0x00000007d7980000, 0x0000000800000000)
  eden space 34304K, 0% used [0x00000007d5580000,0x00000007d5580000,0x00000007d7700000)
  from space 512K, 50% used [0x00000007d7780000,0x00000007d77c0000,0x00000007d7800000)
  to   space 1024K, 0% used [0x00000007d7880000,0x00000007d7880000,0x00000007d7980000)
 ParOldGen       total 1019392K, used 1018964K [0x0000000780000000, 0x00000007be380000, 0x00000007d558000Event: 35370.591 {heap Before GC invocations=2470 (full 7):
 PSYoungGen      total 34816K, used 34560K [0x00000007d5580000, 0x00000007d7980000, 0x0000000800000000)
  eden space 34304K, 100% used [0x00000007d5580000,0x00000007d7700000,0x00000007d7700000)
  from space 512K, 50% used [0x00000007d7780000,0x00000007d77c0000,0x00000007d7800000)
  to   space 1024K, 0% used [0x00000007d7880000,0x00000007d7880000,0x00000007d7980000)
 ParOldGen       total 1019392K, used 1018964K [0x0000000780000000, 0x00000007be380000, 0x00000007d5Event: 35370.640 {heap After GC invocations=2470 (full 7):
 PSYoungGen      total 34816K, used 992K [0x00000007d5580000, 0x00000007d7980000, 0x0000000800000000)
  eden space 33792K, 0% used [0x00000007d5580000,0x00000007d5580000,0x00000007d7680000)
  from space 1024K, 96% used [0x00000007d7880000,0x00000007d7978040,0x00000007d7980000)
  to   space 1536K, 0% used [0x00000007d7680000,0x00000007d7680000,0x00000007d7800000)
 ParOldGen       total 1019392K, used 1019148K [0x0000000780000000, 0x00000007be380000, 0x00000007d55800Event: 39435.401 {heap Before GC invocations=2471 (full 7):
 PSYoungGen      total 34816K, used 34777K [0x00000007d5580000, 0x00000007d7980000, 0x0000000800000000)
  eden space 33792K, 99% used [0x00000007d5580000,0x00000007d767e7a0,0x00000007d7680000)
  from space 1024K, 96% used [0x00000007d7880000,0x00000007d7978040,0x00000007d7980000)
  to   space 1536K, 0% used [0x00000007d7680000,0x00000007d7680000,0x00000007d7800000)
 ParOldGen       total 1019392K, used 1019148K [0x0000000780000000, 0x00000007be380000, 0x00000007d5Event: 39435.431 {heap After GC invocations=2471 (full 7):
 PSYoungGen      total 34816K, used 1088K [0x00000007d5580000, 0x00000007d7900000, 0x0000000800000000)
  eden space 33280K, 0% used [0x00000007d5580000,0x00000007d5580000,0x00000007d7600000)
  from space 1536K, 70% used [0x00000007d7680000,0x00000007d7790000,0x00000007d7800000)
  to   space 1024K, 0% used [0x00000007d7800000,0x00000007d7800000,0x00000007d7900000)
 ParOldGen       total 1020416K, used 1020103K [0x0000000780000000, 0x00000007be480000, 0x00000007d5580
Metaspace Usage History (20 events):
Event: 35116.716 {metaspace Before GC invocations=2462 (full 7):
 Metaspace       used 97986K, committed 99712K, reserved 1179648K
  class space    used 9838K, committed 10624K, reserved 1048576K
}
Event: 35116.719 {metaspace After GC invocations=2462 (full 7):
 Metaspace       used 97986K, committed 99712K, reserved 1179648K
  class space    used 9838K, committed 10624K, reserved 1048576K
}
Event: 35116.850 {metaspace Before GC invocations=2463 (full 7):
 Metaspace       used 97986K, committed 99712K, reserved 1179648K
  class space    used 9838K, committed 10624K, reserved 1048576K
}
Event: 35116.851 {metaspace After GC invocations=2463 (full 7):
 Metaspace       used 97986K, committed 99712K, reserved 1179648K
  class space    used 9838K, committed 10624K, reserved 1048576K
}
Event: 35117.240 {metaspace Before GC invocations=2464 (full 7):
 Metaspace       used 97986K, committed 99712K, reserved 1179648K
  class space    used 9838K, committed 10624K, reserved 1048576K
}
Event: 35117.242 {metaspace After GC invocations=2464 (full 7):
 Metaspace       used 97986K, committed 99712K, reserved 1179648K
  class space    used 9838K, committed 10624K, reserved 1048576K
}
Event: 35118.419 {metaspace Before GC invocations=2465 (full 7):
 Metaspace       used 97986K, committed 99712K, reserved 1179648K
  class space    used 9838K, committed 10624K, reserved 1048576K
}
Event: 35118.424 {metaspace After GC invocations=2465 (full 7):
 Metaspace       used 97986K, committed 99712K, reserved 1179648K
  class space    used 9838K, committed 10624K, reserved 1048576K
}
Event: 35119.877 {metaspace Before GC invocations=2466 (full 7):
 Metaspace       used 97986K, committed 99712K, reserved 1179648K
  class space    used 9838K, committed 10624K, reserved 1048576K
}
Event: 35119.880 {metaspace After GC invocations=2466 (full 7):
 Metaspace       used 97986K, committed 99712K, reserved 1179648K
  class space    used 9838K, committed 10624K, reserved 1048576K
}
Event: 35121.038 {metaspace Before GC invocations=2467 (full 7):
 Metaspace       used 97990K, committed 99712K, reserved 1179648K
  class space    used 9838K, committed 10624K, reserved 1048576K
}
Event: 35121.042 {metaspace After GC invocations=2467 (full 7):
 Metaspace       used 97990K, committed 99712K, reserved 1179648K
  class space    used 9838K, committed 10624K, reserved 1048576K
}
Event: 35121.969 {metaspace Before GC invocations=2468 (full 7):
 Metaspace       used 97990K, committed 99712K, reserved 1179648K
  class space    used 9838K, committed 10624K, reserved 1048576K
}
Event: 35121.972 {metaspace After GC invocations=2468 (full 7):
 Metaspace       used 97990K, committed 99712K, reserved 1179648K
  class space    used 9838K, committed 10624K, reserved 1048576K
}
Event: 35138.612 {metaspace Before GC invocations=2469 (full 7):
 Metaspace       used 97990K, committed 99712K, reserved 1179648K
  class space    used 9838K, committed 10624K, reserved 1048576K
}
Event: 35138.646 {metaspace After GC invocations=2469 (full 7):
 Metaspace       used 97990K, committed 99712K, reserved 1179648K
  class space    used 9838K, committed 10624K, reserved 1048576K
}
Event: 35370.591 {metaspace Before GC invocations=2470 (full 7):
 Metaspace       used 97995K, committed 99712K, reserved 1179648K
  class space    used 9838K, committed 10624K, reserved 1048576K
}
Event: 35370.640 {metaspace After GC invocations=2470 (full 7):
 Metaspace       used 97995K, committed 99712K, reserved 1179648K
  class space    used 9838K, committed 10624K, reserved 1048576K
}
Event: 39435.401 {metaspace Before GC invocations=2471 (full 7):
 Metaspace       used 98885K, committed 100864K, reserved 1179648K
  class space    used 9984K, committed 10880K, reserved 1048576K
}
Event: 39435.431 {metaspace After GC invocations=2471 (full 7):
 Metaspace       used 98885K, committed 100864K, reserved 1179648K
  class space    used 9984K, committed 10880K, reserved 1048576K
}

